<?xml version="1.0" encoding="UTF-8"?>
<testsuite xmlns:xsi="http://www.w3.org/2001/XMLSchema-instance" xsi:noNamespaceSchemaLocation="https://maven.apache.org/surefire/maven-surefire-plugin/xsd/surefire-test-report.xsd" name="DictionaryTest" time="0.045" tests="8" errors="0" skipped="0" failures="0">
  <properties>
[...]
</properties>
  <testcase name="testSingleDelete" classname="DictionaryTest" time="0.021"/>
  <testcase name="testIteratorSingle" classname="DictionaryTest" time="0.004"/>
  <testcase name="testZeroElementDelete" classname="DictionaryTest" time="0.001"/>
  <testcase name="testEmptyFind" classname="DictionaryTest" time="0.001"/>
  <testcase name="testMultipleDelete" classname="DictionaryTest" time="0.001"/>
  <testcase name="testGetSize" classname="DictionaryTest" time="0.001"/>
  <testcase name="testSingleFind" classname="DictionaryTest" time="0"/>
  <testcase name="testMultipleFind" classname="DictionaryTest" time="0"/>
</testsuite>